# JRE version: Java(TM) SE Runtime Environment (19.0+36) (build 19+36-2238)
# Java VM: Java HotSpot(TM) 64-Bit Server VM (19+36-2238, mixed mode, sharing, tiered, compressed oops, compressed class ptrs, g1 gc, windows-amd64)
GC Precious Log:
 CardTable entry size: 512
 Card Set container configuration: InlinePtr #cards 4 size 8 Array Of Cards #cards 8 size 32 Howl #buckets 8 coarsen threshold 3686 Howl Bitmap #cards 512 size 80 coarsen threshold 460 Card regions per heap region 1 cards per card region 4096
 CPUs: 4 total, 4 available
 Memory: 16286M
 Large Page Support: Disabled
 NUMA Support: Disabled
 Compressed Oops: Enabled (Zero based)
 Heap Region Size: 2M
 Heap Min Capacity: 8M
 Heap Initial Capacity: 256M
 Heap Max Capacity: 4072M
 Pre-touch: Disabled
 Parallel Workers: 4
 Concurrent Workers: 1
 Concurrent Refinement Workers: 4
 Periodic GC: Disabled
Heap:
 garbage-first heap   total 81920K, used 41635K [0x0000000701800000, 0x0000000800000000)
  region size 2048K, 13 young (26624K), 1 survivors (2048K)
 Metaspace       used 22956K, committed 23232K, reserved 1114112K
  class space    used 2452K, committed 2560K, reserved 1048576K
GC Heap History (12 events):
Event: 0.487 GC heap before
{Heap before GC invocations=0 (full 0):
 garbage-first heap   total 262144K, used 10240K [0x0000000701800000, 0x0000000800000000)
  region size 2048K, 6 young (12288K), 0 survivors (0K)
 Metaspace       used 7181K, committed 7424K, reserved 1114112K
  class space    used 781K, committed 896K, reserved 1048576K
}
Event: 0.491 GC heap after
{Heap after GC invocations=1 (full 0):
 garbage-first heap   total 262144K, used 4924K [0x0000000701800000, 0x0000000800000000)
  region size 2048K, 1 young (2048K), 1 survivors (2048K)
 Metaspace       used 7181K, committed 7424K, reserved 1114112K
  class space    used 781K, committed 896K, reserved 1048576K
}
Event: 0.928 GC heap before
{Heap before GC invocations=1 (full 0):
 garbage-first heap   total 262144K, used 15164K [0x0000000701800000, 0x0000000800000000)
  region size 2048K, 6 young (12288K), 1 survivors (2048K)
 Metaspace       used 12269K, committed 12544K, reserved 1114112K
  class space    used 1326K, committed 1472K, reserved 1048576K
}
Event: 0.931 GC heap after
{Heap after GC invocations=2 (full 0):
 garbage-first heap   total 262144K, used 7012K [0x0000000701800000, 0x0000000800000000)
  region size 2048K, 1 young (2048K), 1 survivors (2048K)
 Metaspace       used 12269K, committed 12544K, reserved 1114112K
  class space    used 1326K, committed 1472K, reserved 1048576K
}
Event: 4.091 GC heap before
{Heap before GC invocations=2 (full 0):
 garbage-first heap   total 262144K, used 41828K [0x0000000701800000, 0x0000000800000000)
  region size 2048K, 16 young (32768K), 1 survivors (2048K)
 Metaspace       used 20699K, committed 20992K, reserved 1114112K
  class space    used 2334K, committed 2496K, reserved 1048576K
}
Event: 4.099 GC heap after
{Heap after GC invocations=3 (full 0):
 garbage-first heap   total 262144K, used 18354K [0x0000000701800000, 0x0000000800000000)
  region size 2048K, 2 young (4096K), 2 survivors (4096K)
 Metaspace       used 20699K, committed 20992K, reserved 1114112K
  class space    used 2334K, committed 2496K, reserved 1048576K
}
Event: 12.935 GC heap before
{Heap before GC invocations=3 (full 0):
 garbage-first heap   total 262144K, used 20402K [0x0000000701800000, 0x0000000800000000)
  region size 2048K, 4 young (8192K), 2 survivors (4096K)
 Metaspace       used 21228K, committed 21504K, reserved 1114112K
  class space    used 2344K, committed 2496K, reserved 1048576K
}
Event: 12.939 GC heap after
{Heap after GC invocations=4 (full 0):
 garbage-first heap   total 262144K, used 18685K [0x0000000701800000, 0x0000000800000000)
  region size 2048K, 3 young (6144K), 3 survivors (6144K)
 Metaspace       used 21228K, committed 21504K, reserved 1114112K
  class space    used 2344K, committed 2496K, reserved 1048576K
}
Event: 56.222 GC heap before
{Heap before GC invocations=5 (full 0):
 garbage-first heap   total 75776K, used 73981K [0x0000000701800000, 0x0000000800000000)
  region size 2048K, 30 young (61440K), 3 survivors (6144K)
 Metaspace       used 22430K, committed 22656K, reserved 1114112K
  class space    used 2392K, committed 2496K, reserved 1048576K
}
Event: 56.228 GC heap after
{Heap after GC invocations=6 (full 0):
 garbage-first heap   total 81920K, used 19092K [0x0000000701800000, 0x0000000800000000)
  region size 2048K, 3 young (6144K), 3 survivors (6144K)
 Metaspace       used 22430K, committed 22656K, reserved 1114112K
  class space    used 2392K, committed 2496K, reserved 1048576K
}
Event: 58.321 GC heap before
{Heap before GC invocations=6 (full 0):
 garbage-first heap   total 81920K, used 58004K [0x0000000701800000, 0x0000000800000000)
  region size 2048K, 22 young (45056K), 3 survivors (6144K)
 Metaspace       used 22495K, committed 22848K, reserved 1114112K
  class space    used 2394K, committed 2560K, reserved 1048576K
}
Event: 58.325 GC heap after
{Heap after GC invocations=7 (full 0):
 garbage-first heap   total 81920K, used 19107K [0x0000000701800000, 0x0000000800000000)
  region size 2048K, 1 young (2048K), 1 survivors (2048K)
 Metaspace       used 22495K, committed 22848K, reserved 1114112K
  class space    used 2394K, committed 2560K, reserved 1048576K
}

