# JRE version: Java(TM) SE Runtime Environment (19.0+36) (build 19+36-2238)
# Java VM: Java HotSpot(TM) 64-Bit Server VM (19+36-2238, mixed mode, sharing, tiered, compressed oops, compressed class ptrs, g1 gc, windows-amd64)
GC Precious Log:
 CardTable entry size: 512
 Card Set container configuration: InlinePtr #cards 4 size 8 Array Of Cards #cards 8 size 32 Howl #buckets 8 coarsen threshold 3686 Howl Bitmap #cards 512 size 80 coarsen threshold 460 Card regions per heap region 1 cards per card region 4096
 CPUs: 8 total, 8 available
 Memory: 15969M
 Large Page Support: Disabled
 NUMA Support: Disabled
 Compressed Oops: Enabled (Zero based)
 Heap Region Size: 2M
 Heap Min Capacity: 8M
 Heap Initial Capacity: 250M
 Heap Max Capacity: 3994M
 Pre-touch: Disabled
 Parallel Workers: 8
 Concurrent Workers: 2
 Concurrent Refinement Workers: 8
 Periodic GC: Disabled
Heap:
 garbage-first heap   total 532480K, used 217668K [0x0000000706600000, 0x0000000800000000)
  region size 2048K, 102 young (208896K), 1 survivors (2048K)
 Metaspace       used 11947K, committed 12160K, reserved 1114112K
  class space    used 1217K, committed 1344K, reserved 1048576K
GC Heap History (20 events):
Event: 159.240 GC heap before
{Heap before GC invocations=1264 (full 0):
 garbage-first heap   total 532480K, used 330310K [0x0000000706600000, 0x0000000800000000)
  region size 2048K, 156 young (319488K), 1 survivors (2048K)
 Metaspace       used 11836K, committed 12096K, reserved 1114112K
  class space    used 1207K, committed 1344K, reserved 1048576K
}
Event: 159.242 GC heap after
{Heap after GC invocations=1265 (full 0):
 garbage-first heap   total 532480K, used 12870K [0x0000000706600000, 0x0000000800000000)
  region size 2048K, 1 young (2048K), 1 survivors (2048K)
 Metaspace       used 11836K, committed 12096K, reserved 1114112K
  class space    used 1207K, committed 1344K, reserved 1048576K
}
Event: 159.377 GC heap before
{Heap before GC invocations=1265 (full 0):
 garbage-first heap   total 532480K, used 330310K [0x0000000706600000, 0x0000000800000000)
  region size 2048K, 156 young (319488K), 1 survivors (2048K)
 Metaspace       used 11836K, committed 12096K, reserved 1114112K
  class space    used 1207K, committed 1344K, reserved 1048576K
}
Event: 159.379 GC heap after
{Heap after GC invocations=1266 (full 0):
 garbage-first heap   total 532480K, used 12870K [0x0000000706600000, 0x0000000800000000)
  region size 2048K, 1 young (2048K), 1 survivors (2048K)
 Metaspace       used 11836K, committed 12096K, reserved 1114112K
  class space    used 1207K, committed 1344K, reserved 1048576K
}
Event: 159.512 GC heap before
{Heap before GC invocations=1266 (full 0):
 garbage-first heap   total 532480K, used 330310K [0x0000000706600000, 0x0000000800000000)
  region size 2048K, 156 young (319488K), 1 survivors (2048K)
 Metaspace       used 11836K, committed 12096K, reserved 1114112K
  class space    used 1207K, committed 1344K, reserved 1048576K
}
Event: 159.515 GC heap after
{Heap after GC invocations=1267 (full 0):
 garbage-first heap   total 532480K, used 12872K [0x0000000706600000, 0x0000000800000000)
  region size 2048K, 1 young (2048K), 1 survivors (2048K)
 Metaspace       used 11836K, committed 12096K, reserved 1114112K
  class space    used 1207K, committed 1344K, reserved 1048576K
}
Event: 159.649 GC heap before
{Heap before GC invocations=1267 (full 0):
 garbage-first heap   total 532480K, used 330312K [0x0000000706600000, 0x0000000800000000)
  region size 2048K, 156 young (319488K), 1 survivors (2048K)
 Metaspace       used 11836K, committed 12096K, reserved 1114112K
  class space    used 1207K, committed 1344K, reserved 1048576K
}
Event: 159.651 GC heap after
{Heap after GC invocations=1268 (full 0):
 garbage-first heap   total 532480K, used 12866K [0x0000000706600000, 0x0000000800000000)
  region size 2048K, 1 young (2048K), 1 survivors (2048K)
 Metaspace       used 11836K, committed 12096K, reserved 1114112K
  class space    used 1207K, committed 1344K, reserved 1048576K
}
Event: 159.786 GC heap before
{Heap before GC invocations=1268 (full 0):
 garbage-first heap   total 532480K, used 330306K [0x0000000706600000, 0x0000000800000000)
  region size 2048K, 156 young (319488K), 1 survivors (2048K)
 Metaspace       used 11836K, committed 12096K, reserved 1114112K
  class space    used 1207K, committed 1344K, reserved 1048576K
}
Event: 159.788 GC heap after
{Heap after GC invocations=1269 (full 0):
 garbage-first heap   total 532480K, used 12872K [0x0000000706600000, 0x0000000800000000)
  region size 2048K, 1 young (2048K), 1 survivors (2048K)
 Metaspace       used 11836K, committed 12096K, reserved 1114112K
  class space    used 1207K, committed 1344K, reserved 1048576K
}
Event: 159.932 GC heap before
{Heap before GC invocations=1269 (full 0):
 garbage-first heap   total 532480K, used 330312K [0x0000000706600000, 0x0000000800000000)
  region size 2048K, 156 young (319488K), 1 survivors (2048K)
 Metaspace       used 11836K, committed 12096K, reserved 1114112K
  class space    used 1207K, committed 1344K, reserved 1048576K
}
Event: 159.934 GC heap after
{Heap after GC invocations=1270 (full 0):
 garbage-first heap   total 532480K, used 12872K [0x0000000706600000, 0x0000000800000000)
  region size 2048K, 1 young (2048K), 1 survivors (2048K)
 Metaspace       used 11836K, committed 12096K, reserved 1114112K
  class space    used 1207K, committed 1344K, reserved 1048576K
}
Event: 160.072 GC heap before
{Heap before GC invocations=1270 (full 0):
 garbage-first heap   total 532480K, used 330312K [0x0000000706600000, 0x0000000800000000)
  region size 2048K, 156 young (319488K), 1 survivors (2048K)
 Metaspace       used 11836K, committed 12096K, reserved 1114112K
  class space    used 1207K, committed 1344K, reserved 1048576K
}
Event: 160.074 GC heap after
{Heap after GC invocations=1271 (full 0):
 garbage-first heap   total 532480K, used 12868K [0x0000000706600000, 0x0000000800000000)
  region size 2048K, 1 young (2048K), 1 survivors (2048K)
 Metaspace       used 11836K, committed 12096K, reserved 1114112K
  class space    used 1207K, committed 1344K, reserved 1048576K
}
Event: 160.207 GC heap before
{Heap before GC invocations=1271 (full 0):
 garbage-first heap   total 532480K, used 330308K [0x0000000706600000, 0x0000000800000000)
  region size 2048K, 156 young (319488K), 1 survivors (2048K)
 Metaspace       used 11836K, committed 12096K, reserved 1114112K
  class space    used 1207K, committed 1344K, reserved 1048576K
}
Event: 160.210 GC heap after
{Heap after GC invocations=1272 (full 0):
 garbage-first heap   total 532480K, used 12872K [0x0000000706600000, 0x0000000800000000)
  region size 2048K, 1 young (2048K), 1 survivors (2048K)
 Metaspace       used 11836K, committed 12096K, reserved 1114112K
  class space    used 1207K, committed 1344K, reserved 1048576K
}
Event: 160.341 GC heap before
{Heap before GC invocations=1272 (full 0):
 garbage-first heap   total 532480K, used 330312K [0x0000000706600000, 0x0000000800000000)
  region size 2048K, 156 young (319488K), 1 survivors (2048K)
 Metaspace       used 11836K, committed 12096K, reserved 1114112K
  class space    used 1207K, committed 1344K, reserved 1048576K
}
Event: 160.344 GC heap after
{Heap after GC invocations=1273 (full 0):
 garbage-first heap   total 532480K, used 12868K [0x0000000706600000, 0x0000000800000000)
  region size 2048K, 1 young (2048K), 1 survivors (2048K)
 Metaspace       used 11836K, committed 12096K, reserved 1114112K
  class space    used 1207K, committed 1344K, reserved 1048576K
}
Event: 160.469 GC heap before
{Heap before GC invocations=1273 (full 0):
 garbage-first heap   total 532480K, used 330308K [0x0000000706600000, 0x0000000800000000)
  region size 2048K, 156 young (319488K), 1 survivors (2048K)
 Metaspace       used 11836K, committed 12096K, reserved 1114112K
  class space    used 1207K, committed 1344K, reserved 1048576K
}
Event: 160.472 GC heap after
{Heap after GC invocations=1274 (full 0):
 garbage-first heap   total 532480K, used 12868K [0x0000000706600000, 0x0000000800000000)
  region size 2048K, 1 young (2048K), 1 survivors (2048K)
 Metaspace       used 11836K, committed 12096K, reserved 1114112K
  class space    used 1207K, committed 1344K, reserved 1048576K
}

