# JRE version: Java(TM) SE Runtime Environment (19.0+36) (build 19+36-2238)
# Java VM: Java HotSpot(TM) 64-Bit Server VM (19+36-2238, mixed mode, sharing, tiered, compressed oops, compressed class ptrs, g1 gc, windows-amd64)
GC Precious Log:
 CardTable entry size: 512
 Card Set container configuration: InlinePtr #cards 4 size 8 Array Of Cards #cards 8 size 32 Howl #buckets 8 coarsen threshold 3686 Howl Bitmap #cards 512 size 80 coarsen threshold 460 Card regions per heap region 1 cards per card region 4096
 CPUs: 8 total, 8 available
 Memory: 15969M
 Large Page Support: Disabled
 NUMA Support: Disabled
 Compressed Oops: Enabled (Zero based)
 Heap Region Size: 2M
 Heap Min Capacity: 8M
 Heap Initial Capacity: 250M
 Heap Max Capacity: 3994M
 Pre-touch: Disabled
 Parallel Workers: 8
 Concurrent Workers: 2
 Concurrent Refinement Workers: 8
 Periodic GC: Disabled
Heap:
 garbage-first heap   total 442368K, used 120444K [0x0000000706600000, 0x0000000800000000)
  region size 2048K, 55 young (112640K), 1 survivors (2048K)
 Metaspace       used 21156K, committed 21504K, reserved 1114112K
  class space    used 2200K, committed 2368K, reserved 1048576K
GC Heap History (20 events):
Event: 49.606 GC heap before
{Heap before GC invocations=667 (full 0):
 garbage-first heap   total 442368K, used 276066K [0x0000000706600000, 0x0000000800000000)
  region size 2048K, 129 young (264192K), 1 survivors (2048K)
 Metaspace       used 12831K, committed 13056K, reserved 1114112K
  class space    used 1218K, committed 1344K, reserved 1048576K
}
Event: 49.606 GC heap after
{Heap after GC invocations=668 (full 0):
 garbage-first heap   total 442368K, used 13915K [0x0000000706600000, 0x0000000800000000)
  region size 2048K, 1 young (2048K), 1 survivors (2048K)
 Metaspace       used 12831K, committed 13056K, reserved 1114112K
  class space    used 1218K, committed 1344K, reserved 1048576K
}
Event: 49.682 GC heap before
{Heap before GC invocations=668 (full 0):
 garbage-first heap   total 442368K, used 276059K [0x0000000706600000, 0x0000000800000000)
  region size 2048K, 129 young (264192K), 1 survivors (2048K)
 Metaspace       used 12831K, committed 13056K, reserved 1114112K
  class space    used 1218K, committed 1344K, reserved 1048576K
}
Event: 49.683 GC heap after
{Heap after GC invocations=669 (full 0):
 garbage-first heap   total 442368K, used 13911K [0x0000000706600000, 0x0000000800000000)
  region size 2048K, 1 young (2048K), 1 survivors (2048K)
 Metaspace       used 12831K, committed 13056K, reserved 1114112K
  class space    used 1218K, committed 1344K, reserved 1048576K
}
Event: 49.758 GC heap before
{Heap before GC invocations=669 (full 0):
 garbage-first heap   total 442368K, used 276055K [0x0000000706600000, 0x0000000800000000)
  region size 2048K, 129 young (264192K), 1 survivors (2048K)
 Metaspace       used 12831K, committed 13056K, reserved 1114112K
  class space    used 1218K, committed 1344K, reserved 1048576K
}
Event: 49.759 GC heap after
{Heap after GC invocations=670 (full 0):
 garbage-first heap   total 442368K, used 13913K [0x0000000706600000, 0x0000000800000000)
  region size 2048K, 1 young (2048K), 1 survivors (2048K)
 Metaspace       used 12831K, committed 13056K, reserved 1114112K
  class space    used 1218K, committed 1344K, reserved 1048576K
}
Event: 49.836 GC heap before
{Heap before GC invocations=670 (full 0):
 garbage-first heap   total 442368K, used 276057K [0x0000000706600000, 0x0000000800000000)
  region size 2048K, 129 young (264192K), 1 survivors (2048K)
 Metaspace       used 12831K, committed 13056K, reserved 1114112K
  class space    used 1218K, committed 1344K, reserved 1048576K
}
Event: 49.837 GC heap after
{Heap after GC invocations=671 (full 0):
 garbage-first heap   total 442368K, used 13914K [0x0000000706600000, 0x0000000800000000)
  region size 2048K, 1 young (2048K), 1 survivors (2048K)
 Metaspace       used 12831K, committed 13056K, reserved 1114112K
  class space    used 1218K, committed 1344K, reserved 1048576K
}
Event: 49.913 GC heap before
{Heap before GC invocations=671 (full 0):
 garbage-first heap   total 442368K, used 276058K [0x0000000706600000, 0x0000000800000000)
  region size 2048K, 129 young (264192K), 1 survivors (2048K)
 Metaspace       used 12843K, committed 13120K, reserved 1114112K
  class space    used 1218K, committed 1344K, reserved 1048576K
}
Event: 49.914 GC heap after
{Heap after GC invocations=672 (full 0):
 garbage-first heap   total 442368K, used 13919K [0x0000000706600000, 0x0000000800000000)
  region size 2048K, 1 young (2048K), 1 survivors (2048K)
 Metaspace       used 12843K, committed 13120K, reserved 1114112K
  class space    used 1218K, committed 1344K, reserved 1048576K
}
Event: 49.988 GC heap before
{Heap before GC invocations=672 (full 0):
 garbage-first heap   total 442368K, used 276063K [0x0000000706600000, 0x0000000800000000)
  region size 2048K, 129 young (264192K), 1 survivors (2048K)
 Metaspace       used 12843K, committed 13120K, reserved 1114112K
  class space    used 1218K, committed 1344K, reserved 1048576K
}
Event: 49.989 GC heap after
{Heap after GC invocations=673 (full 0):
 garbage-first heap   total 442368K, used 13920K [0x0000000706600000, 0x0000000800000000)
  region size 2048K, 1 young (2048K), 1 survivors (2048K)
 Metaspace       used 12843K, committed 13120K, reserved 1114112K
  class space    used 1218K, committed 1344K, reserved 1048576K
}
Event: 50.063 GC heap before
{Heap before GC invocations=673 (full 0):
 garbage-first heap   total 442368K, used 276064K [0x0000000706600000, 0x0000000800000000)
  region size 2048K, 129 young (264192K), 1 survivors (2048K)
 Metaspace       used 12843K, committed 13120K, reserved 1114112K
  class space    used 1218K, committed 1344K, reserved 1048576K
}
Event: 50.064 GC heap after
{Heap after GC invocations=674 (full 0):
 garbage-first heap   total 442368K, used 13945K [0x0000000706600000, 0x0000000800000000)
  region size 2048K, 1 young (2048K), 1 survivors (2048K)
 Metaspace       used 12843K, committed 13120K, reserved 1114112K
  class space    used 1218K, committed 1344K, reserved 1048576K
}
Event: 50.138 GC heap before
{Heap before GC invocations=674 (full 0):
 garbage-first heap   total 442368K, used 276089K [0x0000000706600000, 0x0000000800000000)
  region size 2048K, 129 young (264192K), 1 survivors (2048K)
 Metaspace       used 12843K, committed 13120K, reserved 1114112K
  class space    used 1218K, committed 1344K, reserved 1048576K
}
Event: 50.139 GC heap after
{Heap after GC invocations=675 (full 0):
 garbage-first heap   total 442368K, used 13920K [0x0000000706600000, 0x0000000800000000)
  region size 2048K, 1 young (2048K), 1 survivors (2048K)
 Metaspace       used 12843K, committed 13120K, reserved 1114112K
  class space    used 1218K, committed 1344K, reserved 1048576K
}
Event: 50.206 GC heap before
{Heap before GC invocations=675 (full 0):
 garbage-first heap   total 442368K, used 276064K [0x0000000706600000, 0x0000000800000000)
  region size 2048K, 129 young (264192K), 1 survivors (2048K)
 Metaspace       used 12843K, committed 13120K, reserved 1114112K
  class space    used 1218K, committed 1344K, reserved 1048576K
}
Event: 50.207 GC heap after
{Heap after GC invocations=676 (full 0):
 garbage-first heap   total 442368K, used 13920K [0x0000000706600000, 0x0000000800000000)
  region size 2048K, 1 young (2048K), 1 survivors (2048K)
 Metaspace       used 12843K, committed 13120K, reserved 1114112K
  class space    used 1218K, committed 1344K, reserved 1048576K
}
Event: 50.278 GC heap before
{Heap before GC invocations=676 (full 0):
 garbage-first heap   total 442368K, used 276064K [0x0000000706600000, 0x0000000800000000)
  region size 2048K, 129 young (264192K), 1 survivors (2048K)
 Metaspace       used 12852K, committed 13120K, reserved 1114112K
  class space    used 1220K, committed 1344K, reserved 1048576K
}
Event: 50.278 GC heap after
{Heap after GC invocations=677 (full 0):
 garbage-first heap   total 442368K, used 13948K [0x0000000706600000, 0x0000000800000000)
  region size 2048K, 1 young (2048K), 1 survivors (2048K)
 Metaspace       used 12852K, committed 13120K, reserved 1114112K
  class space    used 1220K, committed 1344K, reserved 1048576K
}

