# JRE version: Java(TM) SE Runtime Environment (19.0+36) (build 19+36-2238)
# Java VM: Java HotSpot(TM) 64-Bit Server VM (19+36-2238, mixed mode, sharing, tiered, compressed oops, compressed class ptrs, g1 gc, windows-amd64)
GC Precious Log:
 CardTable entry size: 512
 Card Set container configuration: InlinePtr #cards 4 size 8 Array Of Cards #cards 8 size 32 Howl #buckets 8 coarsen threshold 3686 Howl Bitmap #cards 512 size 80 coarsen threshold 460 Card regions per heap region 1 cards per card region 4096
 CPUs: 8 total, 8 available
 Memory: 15969M
 Large Page Support: Disabled
 NUMA Support: Disabled
 Compressed Oops: Enabled (Zero based)
 Heap Region Size: 2M
 Heap Min Capacity: 8M
 Heap Initial Capacity: 250M
 Heap Max Capacity: 3994M
 Pre-touch: Disabled
 Parallel Workers: 8
 Concurrent Workers: 2
 Concurrent Refinement Workers: 8
 Periodic GC: Disabled
Heap:
 garbage-first heap   total 442368K, used 160143K [0x0000000706600000, 0x0000000800000000)
  region size 2048K, 74 young (151552K), 1 survivors (2048K)
 Metaspace       used 12349K, committed 12608K, reserved 1114112K
  class space    used 1274K, committed 1408K, reserved 1048576K
GC Heap History (20 events):
Event: 54.107 GC heap before
{Heap before GC invocations=452 (full 0):
 garbage-first heap   total 442368K, used 274831K [0x0000000706600000, 0x0000000800000000)
  region size 2048K, 129 young (264192K), 1 survivors (2048K)
 Metaspace       used 11716K, committed 11968K, reserved 1114112K
  class space    used 1210K, committed 1344K, reserved 1048576K
}
Event: 54.109 GC heap after
{Heap after GC invocations=453 (full 0):
 garbage-first heap   total 442368K, used 12691K [0x0000000706600000, 0x0000000800000000)
  region size 2048K, 1 young (2048K), 1 survivors (2048K)
 Metaspace       used 11716K, committed 11968K, reserved 1114112K
  class space    used 1210K, committed 1344K, reserved 1048576K
}
Event: 54.228 GC heap before
{Heap before GC invocations=453 (full 0):
 garbage-first heap   total 442368K, used 274835K [0x0000000706600000, 0x0000000800000000)
  region size 2048K, 129 young (264192K), 1 survivors (2048K)
 Metaspace       used 11716K, committed 11968K, reserved 1114112K
  class space    used 1210K, committed 1344K, reserved 1048576K
}
Event: 54.230 GC heap after
{Heap after GC invocations=454 (full 0):
 garbage-first heap   total 442368K, used 12689K [0x0000000706600000, 0x0000000800000000)
  region size 2048K, 1 young (2048K), 1 survivors (2048K)
 Metaspace       used 11716K, committed 11968K, reserved 1114112K
  class space    used 1210K, committed 1344K, reserved 1048576K
}
Event: 54.348 GC heap before
{Heap before GC invocations=454 (full 0):
 garbage-first heap   total 442368K, used 274833K [0x0000000706600000, 0x0000000800000000)
  region size 2048K, 129 young (264192K), 1 survivors (2048K)
 Metaspace       used 11716K, committed 11968K, reserved 1114112K
  class space    used 1210K, committed 1344K, reserved 1048576K
}
Event: 54.350 GC heap after
{Heap after GC invocations=455 (full 0):
 garbage-first heap   total 442368K, used 12691K [0x0000000706600000, 0x0000000800000000)
  region size 2048K, 1 young (2048K), 1 survivors (2048K)
 Metaspace       used 11716K, committed 11968K, reserved 1114112K
  class space    used 1210K, committed 1344K, reserved 1048576K
}
Event: 54.466 GC heap before
{Heap before GC invocations=455 (full 0):
 garbage-first heap   total 442368K, used 274835K [0x0000000706600000, 0x0000000800000000)
  region size 2048K, 129 young (264192K), 1 survivors (2048K)
 Metaspace       used 11716K, committed 11968K, reserved 1114112K
  class space    used 1210K, committed 1344K, reserved 1048576K
}
Event: 54.468 GC heap after
{Heap after GC invocations=456 (full 0):
 garbage-first heap   total 442368K, used 12693K [0x0000000706600000, 0x0000000800000000)
  region size 2048K, 1 young (2048K), 1 survivors (2048K)
 Metaspace       used 11716K, committed 11968K, reserved 1114112K
  class space    used 1210K, committed 1344K, reserved 1048576K
}
Event: 54.585 GC heap before
{Heap before GC invocations=456 (full 0):
 garbage-first heap   total 442368K, used 274837K [0x0000000706600000, 0x0000000800000000)
  region size 2048K, 129 young (264192K), 1 survivors (2048K)
 Metaspace       used 11716K, committed 11968K, reserved 1114112K
  class space    used 1210K, committed 1344K, reserved 1048576K
}
Event: 54.587 GC heap after
{Heap after GC invocations=457 (full 0):
 garbage-first heap   total 442368K, used 12693K [0x0000000706600000, 0x0000000800000000)
  region size 2048K, 1 young (2048K), 1 survivors (2048K)
 Metaspace       used 11716K, committed 11968K, reserved 1114112K
  class space    used 1210K, committed 1344K, reserved 1048576K
}
Event: 54.707 GC heap before
{Heap before GC invocations=457 (full 0):
 garbage-first heap   total 442368K, used 274837K [0x0000000706600000, 0x0000000800000000)
  region size 2048K, 129 young (264192K), 1 survivors (2048K)
 Metaspace       used 11716K, committed 11968K, reserved 1114112K
  class space    used 1210K, committed 1344K, reserved 1048576K
}
Event: 54.708 GC heap after
{Heap after GC invocations=458 (full 0):
 garbage-first heap   total 442368K, used 12689K [0x0000000706600000, 0x0000000800000000)
  region size 2048K, 1 young (2048K), 1 survivors (2048K)
 Metaspace       used 11716K, committed 11968K, reserved 1114112K
  class space    used 1210K, committed 1344K, reserved 1048576K
}
Event: 54.822 GC heap before
{Heap before GC invocations=458 (full 0):
 garbage-first heap   total 442368K, used 274833K [0x0000000706600000, 0x0000000800000000)
  region size 2048K, 129 young (264192K), 1 survivors (2048K)
 Metaspace       used 11716K, committed 11968K, reserved 1114112K
  class space    used 1210K, committed 1344K, reserved 1048576K
}
Event: 54.823 GC heap after
{Heap after GC invocations=459 (full 0):
 garbage-first heap   total 442368K, used 12687K [0x0000000706600000, 0x0000000800000000)
  region size 2048K, 1 young (2048K), 1 survivors (2048K)
 Metaspace       used 11716K, committed 11968K, reserved 1114112K
  class space    used 1210K, committed 1344K, reserved 1048576K
}
Event: 54.938 GC heap before
{Heap before GC invocations=459 (full 0):
 garbage-first heap   total 442368K, used 274831K [0x0000000706600000, 0x0000000800000000)
  region size 2048K, 129 young (264192K), 1 survivors (2048K)
 Metaspace       used 11716K, committed 11968K, reserved 1114112K
  class space    used 1210K, committed 1344K, reserved 1048576K
}
Event: 54.940 GC heap after
{Heap after GC invocations=460 (full 0):
 garbage-first heap   total 442368K, used 12691K [0x0000000706600000, 0x0000000800000000)
  region size 2048K, 1 young (2048K), 1 survivors (2048K)
 Metaspace       used 11716K, committed 11968K, reserved 1114112K
  class space    used 1210K, committed 1344K, reserved 1048576K
}
Event: 55.058 GC heap before
{Heap before GC invocations=460 (full 0):
 garbage-first heap   total 442368K, used 274835K [0x0000000706600000, 0x0000000800000000)
  region size 2048K, 129 young (264192K), 1 survivors (2048K)
 Metaspace       used 11716K, committed 11968K, reserved 1114112K
  class space    used 1210K, committed 1344K, reserved 1048576K
}
Event: 55.059 GC heap after
{Heap after GC invocations=461 (full 0):
 garbage-first heap   total 442368K, used 12687K [0x0000000706600000, 0x0000000800000000)
  region size 2048K, 1 young (2048K), 1 survivors (2048K)
 Metaspace       used 11716K, committed 11968K, reserved 1114112K
  class space    used 1210K, committed 1344K, reserved 1048576K
}
Event: 55.178 GC heap before
{Heap before GC invocations=461 (full 0):
 garbage-first heap   total 442368K, used 274831K [0x0000000706600000, 0x0000000800000000)
  region size 2048K, 129 young (264192K), 1 survivors (2048K)
 Metaspace       used 11716K, committed 11968K, reserved 1114112K
  class space    used 1210K, committed 1344K, reserved 1048576K
}
Event: 55.179 GC heap after
{Heap after GC invocations=462 (full 0):
 garbage-first heap   total 442368K, used 12687K [0x0000000706600000, 0x0000000800000000)
  region size 2048K, 1 young (2048K), 1 survivors (2048K)
 Metaspace       used 11716K, committed 11968K, reserved 1114112K
  class space    used 1210K, committed 1344K, reserved 1048576K
}

